<?xml version="1.0" encoding="UTF-8"?>
<!-- Generated by org.testng.reporters.JUnitXMLReporter -->
<testsuite ignored="2" hostname="LAPTOP-BT5CJTDM" failures="0" tests="2" name="Test" time="0.038" errors="0" timestamp="2021-12-05T12:44:09 IST">
  <testcase classname="TEST.DEMO" name="second" time="0.007"/>
  <testcase classname="TEST.practice" name="p2" time="0.001"/>
  <testcase classname="TEST.practice" name="p1" time="0.0">
    <ignored/>
  </testcase> <!-- p1 -->
  <testcase classname="TEST.DEMO" name="first" time="0.0">
    <ignored/>
  </testcase> <!-- first -->
</testsuite> <!-- Test -->
