<?xml version="1.0" encoding="UTF-8"?>
<testng-results ignored="0" total="2" passed="2" failed="0" skipped="0">
  <reporter-output>
  </reporter-output>
  <suite started-at="2021-12-26T07:42:07 IST" name="Default suite" finished-at="2021-12-26T07:42:07 IST" duration-ms="41">
    <groups>
    </groups>
    <test started-at="2021-12-26T07:42:07 IST" name="Default test" finished-at="2021-12-26T07:42:07 IST" duration-ms="41">
      <class name="TEST.DEMO">
        <test-method signature="first()[pri:0, instance:TEST.DEMO@5939a379]" started-at="2021-12-26T07:42:07 IST" name="first" finished-at="2021-12-26T07:42:07 IST" duration-ms="9" status="PASS">
          <reporter-output>
          </reporter-output>
        </test-method> <!-- first -->
        <test-method signature="second()[pri:0, instance:TEST.DEMO@5939a379]" started-at="2021-12-26T07:42:07 IST" name="second" finished-at="2021-12-26T07:42:07 IST" duration-ms="0" status="PASS">
          <reporter-output>
          </reporter-output>
        </test-method> <!-- second -->
      </class> <!-- TEST.DEMO -->
    </test> <!-- Default test -->
  </suite> <!-- Default suite -->
</testng-results>
